<?xml version="1.0" encoding="UTF-8"?>
<!-- Generated by org.testng.reporters.JUnitReportReporter -->
<testsuite skipped="0" hostname="ROHIT-PRO-PC" name="com.crm.comcast.OrgTest.CreateOrgTest" tests="1" failures="0" timestamp="2022-01-25T18:21:37 IST" time="0.007" errors="0">
  <testcase name="modifyContactTest" time="0.007" classname="com.crm.comcast.OrgTest.CreateOrgTest"/>
  <system-out/>
</testsuite> <!-- com.crm.comcast.OrgTest.CreateOrgTest -->
