<?xml version="1.0" encoding="UTF-8"?>
<!-- Generated by org.testng.reporters.JUnitReportReporter -->
<testsuite skipped="0" hostname="ROHIT-PRO-PC" name="com.crm.comcast.ContactTest.CreateNewContactTest" tests="1" failures="0" timestamp="2022-01-25T18:19:55 IST" time="0.001" errors="0">
  <testcase name="createNewContactTest" time="0.001" classname="com.crm.comcast.ContactTest.CreateNewContactTest"/>
  <system-out/>
</testsuite> <!-- com.crm.comcast.ContactTest.CreateNewContactTest -->
