<?xml version="1.0" encoding="UTF-8"?>
<!-- Generated by org.testng.reporters.JUnitReportReporter -->
<testsuite skipped="0" hostname="ROHIT-PRO-PC" name="practice.GitDemoTest" tests="1" failures="0" timestamp="25 Jan 2022 10:15:11 GMT" time="0.013" errors="0">
  <testcase name="gitTest" time="0.013" classname="practice.GitDemoTest"/>
</testsuite> <!-- practice.GitDemoTest -->
